<?xml version="1.0" encoding="UTF-8"?>
<testsuite xmlns:xsi="http://www.w3.org/2001/XMLSchema-instance" xsi:noNamespaceSchemaLocation="https://maven.apache.org/surefire/maven-surefire-plugin/xsd/surefire-test-report-3.0.xsd" version="3.0" name="com.example.PetStoreTest" time="4.414" tests="3" errors="0" skipped="0" failures="0">
  <properties>
    <property name="java.specification.version" value="22"/>
    <property name="sun.jnu.encoding" value="UTF-8"/>
    <property name="java.class.path" value="/Users/carolinacosta/restAssuredAPI-PetStore/target/test-classes:/Users/carolinacosta/restAssuredAPI-PetStore/target/classes:/Users/carolinacosta/.m2/repository/junit/junit/4.13.2/junit-4.13.2.jar:/Users/carolinacosta/.m2/repository/org/hamcrest/hamcrest-core/1.3/hamcrest-core-1.3.jar:/Users/carolinacosta/.m2/repository/io/rest-assured/rest-assured/4.4.0/rest-assured-4.4.0.jar:/Users/carolinacosta/.m2/repository/org/codehaus/groovy/groovy/3.0.8/groovy-3.0.8.jar:/Users/carolinacosta/.m2/repository/org/codehaus/groovy/groovy-xml/3.0.8/groovy-xml-3.0.8.jar:/Users/carolinacosta/.m2/repository/org/apache/httpcomponents/httpclient/4.5.13/httpclient-4.5.13.jar:/Users/carolinacosta/.m2/repository/org/apache/httpcomponents/httpcore/4.4.13/httpcore-4.4.13.jar:/Users/carolinacosta/.m2/repository/commons-logging/commons-logging/1.2/commons-logging-1.2.jar:/Users/carolinacosta/.m2/repository/commons-codec/commons-codec/1.11/commons-codec-1.11.jar:/Users/carolinacosta/.m2/repository/org/apache/httpcomponents/httpmime/4.5.13/httpmime-4.5.13.jar:/Users/carolinacosta/.m2/repository/org/hamcrest/hamcrest/2.1/hamcrest-2.1.jar:/Users/carolinacosta/.m2/repository/org/ccil/cowan/tagsoup/tagsoup/1.2.1/tagsoup-1.2.1.jar:/Users/carolinacosta/.m2/repository/io/rest-assured/json-path/4.4.0/json-path-4.4.0.jar:/Users/carolinacosta/.m2/repository/org/codehaus/groovy/groovy-json/3.0.8/groovy-json-3.0.8.jar:/Users/carolinacosta/.m2/repository/io/rest-assured/rest-assured-common/4.4.0/rest-assured-common-4.4.0.jar:/Users/carolinacosta/.m2/repository/io/rest-assured/xml-path/4.4.0/xml-path-4.4.0.jar:/Users/carolinacosta/.m2/repository/jakarta/xml/bind/jakarta.xml.bind-api/2.3.3/jakarta.xml.bind-api-2.3.3.jar:/Users/carolinacosta/.m2/repository/jakarta/activation/jakarta.activation-api/1.2.2/jakarta.activation-api-1.2.2.jar:/Users/carolinacosta/.m2/repository/com/sun/xml/bind/jaxb-impl/2.3.3/jaxb-impl-2.3.3.jar:/Users/carolinacosta/.m2/repository/com/google/code/gson/gson/2.10.1/gson-2.10.1.jar:/Users/carolinacosta/.m2/repository/com/github/javafaker/javafaker/1.0.2/javafaker-1.0.2.jar:/Users/carolinacosta/.m2/repository/org/apache/commons/commons-lang3/3.5/commons-lang3-3.5.jar:/Users/carolinacosta/.m2/repository/org/yaml/snakeyaml/1.23/snakeyaml-1.23-android.jar:/Users/carolinacosta/.m2/repository/com/github/mifmif/generex/1.0.2/generex-1.0.2.jar:/Users/carolinacosta/.m2/repository/dk/brics/automaton/automaton/1.11-8/automaton-1.11-8.jar:"/>
    <property name="java.vm.vendor" value="Homebrew"/>
    <property name="sun.arch.data.model" value="64"/>
    <property name="java.vendor.url" value="https://github.com/Homebrew/homebrew-core/issues"/>
    <property name="os.name" value="Mac OS X"/>
    <property name="java.vm.specification.version" value="22"/>
    <property name="sun.java.launcher" value="SUN_STANDARD"/>
    <property name="user.country" value="BR"/>
    <property name="sun.boot.library.path" value="/opt/homebrew/Cellar/openjdk/22.0.2/libexec/openjdk.jdk/Contents/Home/lib"/>
    <property name="sun.java.command" value="/Users/carolinacosta/restAssuredAPI-PetStore/target/surefire/surefirebooter-20240817133919452_3.jar /Users/carolinacosta/restAssuredAPI-PetStore/target/surefire 2024-08-17T13-39-19_407-jvmRun1 surefire-20240817133919452_1tmp surefire_0-20240817133919452_2tmp"/>
    <property name="http.nonProxyHosts" value="local|*.local|169.254/16|*.169.254/16"/>
    <property name="jdk.debug" value="release"/>
    <property name="surefire.test.class.path" value="/Users/carolinacosta/restAssuredAPI-PetStore/target/test-classes:/Users/carolinacosta/restAssuredAPI-PetStore/target/classes:/Users/carolinacosta/.m2/repository/junit/junit/4.13.2/junit-4.13.2.jar:/Users/carolinacosta/.m2/repository/org/hamcrest/hamcrest-core/1.3/hamcrest-core-1.3.jar:/Users/carolinacosta/.m2/repository/io/rest-assured/rest-assured/4.4.0/rest-assured-4.4.0.jar:/Users/carolinacosta/.m2/repository/org/codehaus/groovy/groovy/3.0.8/groovy-3.0.8.jar:/Users/carolinacosta/.m2/repository/org/codehaus/groovy/groovy-xml/3.0.8/groovy-xml-3.0.8.jar:/Users/carolinacosta/.m2/repository/org/apache/httpcomponents/httpclient/4.5.13/httpclient-4.5.13.jar:/Users/carolinacosta/.m2/repository/org/apache/httpcomponents/httpcore/4.4.13/httpcore-4.4.13.jar:/Users/carolinacosta/.m2/repository/commons-logging/commons-logging/1.2/commons-logging-1.2.jar:/Users/carolinacosta/.m2/repository/commons-codec/commons-codec/1.11/commons-codec-1.11.jar:/Users/carolinacosta/.m2/repository/org/apache/httpcomponents/httpmime/4.5.13/httpmime-4.5.13.jar:/Users/carolinacosta/.m2/repository/org/hamcrest/hamcrest/2.1/hamcrest-2.1.jar:/Users/carolinacosta/.m2/repository/org/ccil/cowan/tagsoup/tagsoup/1.2.1/tagsoup-1.2.1.jar:/Users/carolinacosta/.m2/repository/io/rest-assured/json-path/4.4.0/json-path-4.4.0.jar:/Users/carolinacosta/.m2/repository/org/codehaus/groovy/groovy-json/3.0.8/groovy-json-3.0.8.jar:/Users/carolinacosta/.m2/repository/io/rest-assured/rest-assured-common/4.4.0/rest-assured-common-4.4.0.jar:/Users/carolinacosta/.m2/repository/io/rest-assured/xml-path/4.4.0/xml-path-4.4.0.jar:/Users/carolinacosta/.m2/repository/jakarta/xml/bind/jakarta.xml.bind-api/2.3.3/jakarta.xml.bind-api-2.3.3.jar:/Users/carolinacosta/.m2/repository/jakarta/activation/jakarta.activation-api/1.2.2/jakarta.activation-api-1.2.2.jar:/Users/carolinacosta/.m2/repository/com/sun/xml/bind/jaxb-impl/2.3.3/jaxb-impl-2.3.3.jar:/Users/carolinacosta/.m2/repository/com/google/code/gson/gson/2.10.1/gson-2.10.1.jar:/Users/carolinacosta/.m2/repository/com/github/javafaker/javafaker/1.0.2/javafaker-1.0.2.jar:/Users/carolinacosta/.m2/repository/org/apache/commons/commons-lang3/3.5/commons-lang3-3.5.jar:/Users/carolinacosta/.m2/repository/org/yaml/snakeyaml/1.23/snakeyaml-1.23-android.jar:/Users/carolinacosta/.m2/repository/com/github/mifmif/generex/1.0.2/generex-1.0.2.jar:/Users/carolinacosta/.m2/repository/dk/brics/automaton/automaton/1.11-8/automaton-1.11-8.jar:"/>
    <property name="sun.cpu.endian" value="little"/>
    <property name="user.home" value="/Users/carolinacosta"/>
    <property name="user.language" value="en"/>
    <property name="java.specification.vendor" value="Oracle Corporation"/>
    <property name="java.version.date" value="2024-07-16"/>
    <property name="java.home" value="/opt/homebrew/Cellar/openjdk/22.0.2/libexec/openjdk.jdk/Contents/Home"/>
    <property name="file.separator" value="/"/>
    <property name="basedir" value="/Users/carolinacosta/restAssuredAPI-PetStore"/>
    <property name="java.vm.compressedOopsMode" value="Zero based"/>
    <property name="line.separator" value="&#10;"/>
    <property name="java.vm.specification.vendor" value="Oracle Corporation"/>
    <property name="java.specification.name" value="Java Platform API Specification"/>
    <property name="apple.awt.application.name" value="ForkedBooter"/>
    <property name="surefire.real.class.path" value="/Users/carolinacosta/restAssuredAPI-PetStore/target/surefire/surefirebooter-20240817133919452_3.jar"/>
    <property name="sun.management.compiler" value="HotSpot 64-Bit Tiered Compilers"/>
    <property name="ftp.nonProxyHosts" value="local|*.local|169.254/16|*.169.254/16"/>
    <property name="java.runtime.version" value="22.0.2"/>
    <property name="user.name" value="carolinacosta"/>
    <property name="stdout.encoding" value="UTF-8"/>
    <property name="path.separator" value=":"/>
    <property name="os.version" value="14.5"/>
    <property name="java.runtime.name" value="OpenJDK Runtime Environment"/>
    <property name="file.encoding" value="UTF-8"/>
    <property name="java.vm.name" value="OpenJDK 64-Bit Server VM"/>
    <property name="java.vendor.version" value="Homebrew"/>
    <property name="localRepository" value="/Users/carolinacosta/.m2/repository"/>
    <property name="java.vendor.url.bug" value="https://github.com/Homebrew/homebrew-core/issues"/>
    <property name="java.io.tmpdir" value="/var/folders/d3/xgp1hjw55k9__4kq2636lptm0000gn/T/"/>
    <property name="java.version" value="22.0.2"/>
    <property name="user.dir" value="/Users/carolinacosta/restAssuredAPI-PetStore"/>
    <property name="os.arch" value="aarch64"/>
    <property name="java.vm.specification.name" value="Java Virtual Machine Specification"/>
    <property name="native.encoding" value="UTF-8"/>
    <property name="java.library.path" value="/Users/carolinacosta/Library/Java/Extensions:/Library/Java/Extensions:/Network/Library/Java/Extensions:/System/Library/Java/Extensions:/usr/lib/java:."/>
    <property name="java.vm.info" value="mixed mode, sharing"/>
    <property name="stderr.encoding" value="UTF-8"/>
    <property name="java.vendor" value="Homebrew"/>
    <property name="java.vm.version" value="22.0.2"/>
    <property name="sun.io.unicode.encoding" value="UnicodeBig"/>
    <property name="socksNonProxyHosts" value="local|*.local|169.254/16|*.169.254/16"/>
    <property name="java.class.version" value="66.0"/>
  </properties>
  <testcase name="test01_RegisterNewPetRequest" classname="com.example.PetStoreTest" time="1.957">
    <system-out><![CDATA[HTTP/1.1 200 OK
Date: Sat, 17 Aug 2024 16:39:21 GMT
Content-Type: application/json
Transfer-Encoding: chunked
Connection: keep-alive
Access-Control-Allow-Origin: *
Access-Control-Allow-Methods: GET, POST, DELETE, PUT
Access-Control-Allow-Headers: Content-Type, api_key, Authorization
Server: Jetty(9.2.9.v20150224)

{
    "id": 701,
    "petId": 38,
    "quantity": 1,
    "shipDate": "2024-08-17T16:39:20.033+0000",
    "status": "placed",
    "complete": true
}
]]></system-out>
  </testcase>
  <testcase name="test02_RegisterPet" classname="com.example.PetStoreTest" time="0.901">
    <system-out><![CDATA[HTTP/1.1 200 OK
Date: Sat, 17 Aug 2024 16:39:22 GMT
Content-Type: application/json
Transfer-Encoding: chunked
Connection: keep-alive
Access-Control-Allow-Origin: *
Access-Control-Allow-Methods: GET, POST, DELETE, PUT
Access-Control-Allow-Headers: Content-Type, api_key, Authorization
Server: Jetty(9.2.9.v20150224)

{
    "id": 1,
    "category": {
        "id": 4,
        "name": "Beauty & Books"
    },
    "name": "worm",
    "photoUrls": [
        "https://vaccinar.com.br/wp-content/uploads/2020/08/cachorro-e-gato.png"
    ],
    "tags": [
        {
            "id": 5,
            "name": "et"
        }
    ],
    "status": "available"
}
]]></system-out>
  </testcase>
  <testcase name="test03_ChangeRegisterPet" classname="com.example.PetStoreTest" time="1.177">
    <system-out><![CDATA[HTTP/1.1 200 OK
Date: Sat, 17 Aug 2024 16:39:23 GMT
Content-Type: application/json
Transfer-Encoding: chunked
Connection: keep-alive
Access-Control-Allow-Origin: *
Access-Control-Allow-Methods: GET, POST, DELETE, PUT
Access-Control-Allow-Headers: Content-Type, api_key, Authorization
Server: Jetty(9.2.9.v20150224)

{
    "id": 1,
    "category": {
        "id": 4,
        "name": "Beauty & Books"
    },
    "name": "New name worm",
    "photoUrls": [
        "https://vaccinar.com.br/wp-content/uploads/2020/08/cachorro-e-gato.png"
    ],
    "tags": [
        {
            "id": 5,
            "name": "et"
        }
    ],
    "status": "available"
}
]]></system-out>
  </testcase>
</testsuite>